npm warn Unknown project config "shamefully-hoist". This will stop working in the next major version of npm.
lib/mtn-fulfillment.test.ts(8,1): error TS2582: Cannot find name 'describe'. Do you need to install type definitions for a test runner? Try `npm i --save-dev @types/jest` or `npm i --save-dev @types/mocha`.
lib/mtn-fulfillment.test.ts(9,3): error TS2582: Cannot find name 'describe'. Do you need to install type definitions for a test runner? Try `npm i --save-dev @types/jest` or `npm i --save-dev @types/mocha`.
lib/mtn-fulfillment.test.ts(10,5): error TS2582: Cannot find name 'it'. Do you need to install type definitions for a test runner? Try `npm i --save-dev @types/jest` or `npm i --save-dev @types/mocha`.
lib/mtn-fulfillment.test.ts(11,7): error TS2304: Cannot find name 'expect'.
lib/mtn-fulfillment.test.ts(14,5): error TS2582: Cannot find name 'it'. Do you need to install type definitions for a test runner? Try `npm i --save-dev @types/jest` or `npm i --save-dev @types/mocha`.
lib/mtn-fulfillment.test.ts(15,7): error TS2304: Cannot find name 'expect'.
lib/mtn-fulfillment.test.ts(18,5): error TS2582: Cannot find name 'it'. Do you need to install type definitions for a test runner? Try `npm i --save-dev @types/jest` or `npm i --save-dev @types/mocha`.
lib/mtn-fulfillment.test.ts(19,7): error TS2304: Cannot find name 'expect'.
lib/mtn-fulfillment.test.ts(22,5): error TS2582: Cannot find name 'it'. Do you need to install type definitions for a test runner? Try `npm i --save-dev @types/jest` or `npm i --save-dev @types/mocha`.
lib/mtn-fulfillment.test.ts(23,7): error TS2304: Cannot find name 'expect'.
lib/mtn-fulfillment.test.ts(24,7): error TS2304: Cannot find name 'expect'.
lib/mtn-fulfillment.test.ts(27,5): error TS2582: Cannot find name 'it'. Do you need to install type definitions for a test runner? Try `npm i --save-dev @types/jest` or `npm i --save-dev @types/mocha`.
lib/mtn-fulfillment.test.ts(28,7): error TS2304: Cannot find name 'expect'.
lib/mtn-fulfillment.test.ts(32,3): error TS2582: Cannot find name 'describe'. Do you need to install type definitions for a test runner? Try `npm i --save-dev @types/jest` or `npm i --save-dev @types/mocha`.
lib/mtn-fulfillment.test.ts(33,5): error TS2582: Cannot find name 'it'. Do you need to install type definitions for a test runner? Try `npm i --save-dev @types/jest` or `npm i --save-dev @types/mocha`.
lib/mtn-fulfillment.test.ts(34,7): error TS2304: Cannot find name 'expect'.
lib/mtn-fulfillment.test.ts(35,7): error TS2304: Cannot find name 'expect'.
lib/mtn-fulfillment.test.ts(36,7): error TS2304: Cannot find name 'expect'.
lib/mtn-fulfillment.test.ts(39,5): error TS2582: Cannot find name 'it'. Do you need to install type definitions for a test runner? Try `npm i --save-dev @types/jest` or `npm i --save-dev @types/mocha`.
lib/mtn-fulfillment.test.ts(40,7): error TS2304: Cannot find name 'expect'.
lib/mtn-fulfillment.test.ts(43,5): error TS2582: Cannot find name 'it'. Do you need to install type definitions for a test runner? Try `npm i --save-dev @types/jest` or `npm i --save-dev @types/mocha`.
lib/mtn-fulfillment.test.ts(44,7): error TS2304: Cannot find name 'expect'.
lib/mtn-fulfillment.test.ts(47,5): error TS2582: Cannot find name 'it'. Do you need to install type definitions for a test runner? Try `npm i --save-dev @types/jest` or `npm i --save-dev @types/mocha`.
lib/mtn-fulfillment.test.ts(48,7): error TS2304: Cannot find name 'expect'.
lib/mtn-fulfillment.test.ts(49,7): error TS2304: Cannot find name 'expect'.
lib/mtn-fulfillment.test.ts(50,7): error TS2304: Cannot find name 'expect'.
lib/mtn-fulfillment.test.ts(54,3): error TS2582: Cannot find name 'describe'. Do you need to install type definitions for a test runner? Try `npm i --save-dev @types/jest` or `npm i --save-dev @types/mocha`.
lib/mtn-fulfillment.test.ts(55,5): error TS2582: Cannot find name 'it'. Do you need to install type definitions for a test runner? Try `npm i --save-dev @types/jest` or `npm i --save-dev @types/mocha`.
lib/mtn-fulfillment.test.ts(56,7): error TS2304: Cannot find name 'expect'.
lib/mtn-fulfillment.test.ts(57,7): error TS2304: Cannot find name 'expect'.
lib/mtn-fulfillment.test.ts(58,7): error TS2304: Cannot find name 'expect'.
lib/mtn-fulfillment.test.ts(59,7): error TS2304: Cannot find name 'expect'.
lib/mtn-fulfillment.test.ts(60,7): error TS2304: Cannot find name 'expect'.
lib/mtn-fulfillment.test.ts(61,7): error TS2304: Cannot find name 'expect'.
lib/mtn-fulfillment.test.ts(64,5): error TS2582: Cannot find name 'it'. Do you need to install type definitions for a test runner? Try `npm i --save-dev @types/jest` or `npm i --save-dev @types/mocha`.
lib/mtn-fulfillment.test.ts(65,7): error TS2304: Cannot find name 'expect'.
lib/mtn-fulfillment.test.ts(66,7): error TS2304: Cannot find name 'expect'.
lib/mtn-fulfillment.test.ts(69,5): error TS2582: Cannot find name 'it'. Do you need to install type definitions for a test runner? Try `npm i --save-dev @types/jest` or `npm i --save-dev @types/mocha`.
lib/mtn-fulfillment.test.ts(70,7): error TS2304: Cannot find name 'expect'.
lib/mtn-fulfillment.test.ts(71,7): error TS2304: Cannot find name 'expect'.
lib/mtn-fulfillment.test.ts(72,7): error TS2304: Cannot find name 'expect'.
lib/mtn-fulfillment.test.ts(73,7): error TS2304: Cannot find name 'expect'.
lib/mtn-fulfillment.test.ts(76,5): error TS2582: Cannot find name 'it'. Do you need to install type definitions for a test runner? Try `npm i --save-dev @types/jest` or `npm i --save-dev @types/mocha`.
lib/mtn-fulfillment.test.ts(77,7): error TS2304: Cannot find name 'expect'.
lib/mtn-fulfillment.test.ts(78,7): error TS2304: Cannot find name 'expect'.
lib/mtn-fulfillment.test.ts(82,3): error TS2582: Cannot find name 'describe'. Do you need to install type definitions for a test runner? Try `npm i --save-dev @types/jest` or `npm i --save-dev @types/mocha`.
lib/mtn-fulfillment.test.ts(83,5): error TS2582: Cannot find name 'it'. Do you need to install type definitions for a test runner? Try `npm i --save-dev @types/jest` or `npm i --save-dev @types/mocha`.
lib/mtn-fulfillment.test.ts(84,7): error TS2304: Cannot find name 'expect'.
lib/mtn-fulfillment.test.ts(85,7): error TS2304: Cannot find name 'expect'.
lib/mtn-fulfillment.test.ts(88,5): error TS2582: Cannot find name 'it'. Do you need to install type definitions for a test runner? Try `npm i --save-dev @types/jest` or `npm i --save-dev @types/mocha`.
lib/mtn-fulfillment.test.ts(89,7): error TS2304: Cannot find name 'expect'.
lib/mtn-fulfillment.test.ts(90,7): error TS2304: Cannot find name 'expect'.
lib/mtn-fulfillment.test.ts(93,5): error TS2582: Cannot find name 'it'. Do you need to install type definitions for a test runner? Try `npm i --save-dev @types/jest` or `npm i --save-dev @types/mocha`.
lib/mtn-fulfillment.test.ts(94,7): error TS2304: Cannot find name 'expect'.
lib/mtn-fulfillment.test.ts(95,7): error TS2304: Cannot find name 'expect'.
scripts/phase3-integration-tests.ts(40,49): error TS18046: 'error' is of type 'unknown'.
scripts/phase3-integration-tests.ts(77,43): error TS18046: 'error' is of type 'unknown'.
scripts/phase3-integration-tests.ts(97,53): error TS18046: 'error' is of type 'unknown'.
scripts/phase3-integration-tests.ts(133,42): error TS18046: 'error' is of type 'unknown'.
scripts/phase3-integration-tests.ts(153,43): error TS7006: Parameter 'order' implicitly has an 'any' type.
scripts/phase3-integration-tests.ts(161,49): error TS18046: 'error' is of type 'unknown'.
scripts/phase3-integration-tests.ts(198,51): error TS18046: 'error' is of type 'unknown'.
scripts/phase3-integration-tests.ts(204,15): error TS2362: The left-hand side of an arithmetic operation must be of type 'any', 'number', 'bigint' or an enum type.
scripts/phase3-integration-tests.ts(206,15): error TS2362: The left-hand side of an arithmetic operation must be of type 'any', 'number', 'bigint' or an enum type.
scripts/phase3-integration-tests.ts(214,22): error TS2362: The left-hand side of an arithmetic operation must be of type 'any', 'number', 'bigint' or an enum type.
scripts/phase3-integration-tests.ts(216,15): error TS2362: The left-hand side of an arithmetic operation must be of type 'any', 'number', 'bigint' or an enum type.
scripts/test-mtn-api-connectivity.ts(1,19): error TS2307: Cannot find module 'node-fetch' or its corresponding type declarations.
